# JRE version: Java(TM) SE Runtime Environment (7.0_80-b15) (build 1.7.0_80-b15)
# Java VM: Java HotSpot(TM) 64-Bit Server VM (24.80-b11 mixed mode linux-amd64 compressed oops)
Heap
 PSYoungGen      total 43520K, used 39464K [0x00000000eaa80000, 0x00000000ef700000, 0x0000000100000000)
  eden space 25600K, 100% used [0x00000000eaa80000,0x00000000ec380000,0x00000000ec380000)
  from space 17920K, 77% used [0x00000000ec380000,0x00000000ed10a260,0x00000000ed500000)
  to   space 20480K, 35% used [0x00000000ee300000,0x00000000eea1eb20,0x00000000ef700000)
 ParOldGen       total 54784K, used 10404K [0x00000000c0000000, 0x00000000c3580000, 0x00000000eaa80000)
  object space 54784K, 18% used [0x00000000c0000000,0x00000000c0a291c0,0x00000000c3580000)
 PSPermGen       total 21504K, used 4611K [0x00000000bae00000, 0x00000000bc300000, 0x00000000c0000000)
  object space 21504K, 21% used [0x00000000bae00000,0x00000000bb280e20,0x00000000bc300000)
GC Heap History (10 events):
Event: 3,309 GC heap after
Heap after GC invocations=4 (full 1):
 PSYoungGen      total 16384K, used 480K [0x00000000eaa80000, 0x00000000ec080000, 0x0000000100000000)
  eden space 14336K, 0% used [0x00000000eaa80000,0x00000000eaa80000,0x00000000eb880000)
  from space 2048K, 23% used [0x00000000eb880000,0x00000000eb8f8000,0x00000000eba80000)
  to   space 2048K, 0% used [0x00000000ebe80000,0x00000000ebe80000,0x00000000ec080000)
 ParOldGen       total 54784K, used 10396K [0x00000000c0000000, 0x00000000c3580000, 0x00000000eaa80000)
  object space 54784K, 18% used [0x00000000c0000000,0x00000000c0a271c0,0x00000000c3580000)
 PSPermGen       total 21504K, used 3957K [0x00000000bae00000, 0x00000000bc300000, 0x00000000c0000000)
  object space 21504K, 18% used [0x00000000bae00000,0x00000000bb1dd550,0x00000000bc300000)
}
Event: 4,277 GC heap before
{Heap before GC invocations=5 (full 1):
 PSYoungGen      total 16384K, used 14816K [0x00000000eaa80000, 0x00000000ec080000, 0x0000000100000000)
  eden space 14336K, 100% used [0x00000000eaa80000,0x00000000eb880000,0x00000000eb880000)
  from space 2048K, 23% used [0x00000000eb880000,0x00000000eb8f8000,0x00000000eba80000)
  to   space 2048K, 0% used [0x00000000ebe80000,0x00000000ebe80000,0x00000000ec080000)
 ParOldGen       total 54784K, used 10396K [0x00000000c0000000, 0x00000000c3580000, 0x00000000eaa80000)
  object space 54784K, 18% used [0x00000000c0000000,0x00000000c0a271c0,0x00000000c3580000)
 PSPermGen       total 21504K, used 4215K [0x00000000bae00000, 0x00000000bc300000, 0x00000000c0000000)
  object space 21504K, 19% used [0x00000000bae00000,0x00000000bb21dd90,0x00000000bc300000)
Event: 4,290 GC heap after
Heap after GC invocations=5 (full 1):
 PSYoungGen      total 20480K, used 1813K [0x00000000eaa80000, 0x00000000ec100000, 0x0000000100000000)
  eden space 18432K, 0% used [0x00000000eaa80000,0x00000000eaa80000,0x00000000ebc80000)
  from space 2048K, 88% used [0x00000000ebe80000,0x00000000ec045450,0x00000000ec080000)
  to   space 2048K, 0% used [0x00000000ebc80000,0x00000000ebc80000,0x00000000ebe80000)
 ParOldGen       total 54784K, used 10404K [0x00000000c0000000, 0x00000000c3580000, 0x00000000eaa80000)
  object space 54784K, 18% used [0x00000000c0000000,0x00000000c0a291c0,0x00000000c3580000)
 PSPermGen       total 21504K, used 4215K [0x00000000bae00000, 0x00000000bc300000, 0x00000000c0000000)
  object space 21504K, 19% used [0x00000000bae00000,0x00000000bb21dd90,0x00000000bc300000)
}
Event: 5,366 GC heap before
{Heap before GC invocations=6 (full 1):
 PSYoungGen      total 20480K, used 20245K [0x00000000eaa80000, 0x00000000ec100000, 0x0000000100000000)
  eden space 18432K, 100% used [0x00000000eaa80000,0x00000000ebc80000,0x00000000ebc80000)
  from space 2048K, 88% used [0x00000000ebe80000,0x00000000ec045450,0x00000000ec080000)
  to   space 2048K, 0% used [0x00000000ebc80000,0x00000000ebc80000,0x00000000ebe80000)
 ParOldGen       total 54784K, used 10404K [0x00000000c0000000, 0x00000000c3580000, 0x00000000eaa80000)
  object space 54784K, 18% used [0x00000000c0000000,0x00000000c0a291c0,0x00000000c3580000)
 PSPermGen       total 21504K, used 4364K [0x00000000bae00000, 0x00000000bc300000, 0x00000000c0000000)
  object space 21504K, 20% used [0x00000000bae00000,0x00000000bb243020,0x00000000bc300000)
Event: 5,377 GC heap after
Heap after GC invocations=6 (full 1):
 PSYoungGen      total 20480K, used 1984K [0x00000000eaa80000, 0x00000000ee800000, 0x0000000100000000)
  eden space 18432K, 0% used [0x00000000eaa80000,0x00000000eaa80000,0x00000000ebc80000)
  from space 2048K, 96% used [0x00000000ebc80000,0x00000000ebe70018,0x00000000ebe80000)
  to   space 19456K, 0% used [0x00000000ed500000,0x00000000ed500000,0x00000000ee800000)
 ParOldGen       total 54784K, used 10404K [0x00000000c0000000, 0x00000000c3580000, 0x00000000eaa80000)
  object space 54784K, 18% used [0x00000000c0000000,0x00000000c0a291c0,0x00000000c3580000)
 PSPermGen       total 21504K, used 4364K [0x00000000bae00000, 0x00000000bc300000, 0x00000000c0000000)
  object space 21504K, 20% used [0x00000000bae00000,0x00000000bb243020,0x00000000bc300000)
}
Event: 5,679 GC heap before
{Heap before GC invocations=7 (full 1):
 PSYoungGen      total 20480K, used 20416K [0x00000000eaa80000, 0x00000000ee800000, 0x0000000100000000)
  eden space 18432K, 100% used [0x00000000eaa80000,0x00000000ebc80000,0x00000000ebc80000)
  from space 2048K, 96% used [0x00000000ebc80000,0x00000000ebe70018,0x00000000ebe80000)
  to   space 19456K, 0% used [0x00000000ed500000,0x00000000ed500000,0x00000000ee800000)
 ParOldGen       total 54784K, used 10404K [0x00000000c0000000, 0x00000000c3580000, 0x00000000eaa80000)
  object space 54784K, 18% used [0x00000000c0000000,0x00000000c0a291c0,0x00000000c3580000)
 PSPermGen       total 21504K, used 4368K [0x00000000bae00000, 0x00000000bc300000, 0x00000000c0000000)
  object space 21504K, 20% used [0x00000000bae00000,0x00000000bb2440d8,0x00000000bc300000)
Event: 5,695 GC heap after
Heap after GC invocations=7 (full 1):
 PSYoungGen      total 45056K, used 2441K [0x00000000eaa80000, 0x00000000ee800000, 0x0000000100000000)
  eden space 25600K, 0% used [0x00000000eaa80000,0x00000000eaa80000,0x00000000ec380000)
  from space 19456K, 12% used [0x00000000ed500000,0x00000000ed762728,0x00000000ee800000)
  to   space 17920K, 0% used [0x00000000ec380000,0x00000000ec380000,0x00000000ed500000)
 ParOldGen       total 54784K, used 10404K [0x00000000c0000000, 0x00000000c3580000, 0x00000000eaa80000)
  object space 54784K, 18% used [0x00000000c0000000,0x00000000c0a291c0,0x00000000c3580000)
 PSPermGen       total 21504K, used 4368K [0x00000000bae00000, 0x00000000bc300000, 0x00000000c0000000)
  object space 21504K, 20% used [0x00000000bae00000,0x00000000bb2440d8,0x00000000bc300000)
}
Event: 6,355 GC heap before
{Heap before GC invocations=8 (full 1):
 PSYoungGen      total 45056K, used 28041K [0x00000000eaa80000, 0x00000000ee800000, 0x0000000100000000)
  eden space 25600K, 100% used [0x00000000eaa80000,0x00000000ec380000,0x00000000ec380000)
  from space 19456K, 12% used [0x00000000ed500000,0x00000000ed762728,0x00000000ee800000)
  to   space 17920K, 0% used [0x00000000ec380000,0x00000000ec380000,0x00000000ed500000)
 ParOldGen       total 54784K, used 10404K [0x00000000c0000000, 0x00000000c3580000, 0x00000000eaa80000)
  object space 54784K, 18% used [0x00000000c0000000,0x00000000c0a291c0,0x00000000c3580000)
 PSPermGen       total 21504K, used 4600K [0x00000000bae00000, 0x00000000bc300000, 0x00000000c0000000)
  object space 21504K, 21% used [0x00000000bae00000,0x00000000bb27e110,0x00000000bc300000)
Event: 6,370 GC heap after
Heap after GC invocations=8 (full 1):
 PSYoungGen      total 43520K, used 13864K [0x00000000eaa80000, 0x00000000ef700000, 0x0000000100000000)
  eden space 25600K, 0% used [0x00000000eaa80000,0x00000000eaa80000,0x00000000ec380000)
  from space 17920K, 77% used [0x00000000ec380000,0x00000000ed10a260,0x00000000ed500000)
  to   space 20480K, 0% used [0x00000000ee300000,0x00000000ee300000,0x00000000ef700000)
 ParOldGen       total 54784K, used 10404K [0x00000000c0000000, 0x00000000c3580000, 0x00000000eaa80000)
  object space 54784K, 18% used [0x00000000c0000000,0x00000000c0a291c0,0x00000000c3580000)
 PSPermGen       total 21504K, used 4600K [0x00000000bae00000, 0x00000000bc300000, 0x00000000c0000000)
  object space 21504K, 21% used [0x00000000bae00000,0x00000000bb27e110,0x00000000bc300000)
}
Event: 6,993 GC heap before
{Heap before GC invocations=9 (full 1):
 PSYoungGen      total 43520K, used 39464K [0x00000000eaa80000, 0x00000000ef700000, 0x0000000100000000)
  eden space 25600K, 100% used [0x00000000eaa80000,0x00000000ec380000,0x00000000ec380000)
  from space 17920K, 77% used [0x00000000ec380000,0x00000000ed10a260,0x00000000ed500000)
  to   space 20480K, 0% used [0x00000000ee300000,0x00000000ee300000,0x00000000ef700000)
 ParOldGen       total 54784K, used 10404K [0x00000000c0000000, 0x00000000c3580000, 0x00000000eaa80000)
  object space 54784K, 18% used [0x00000000c0000000,0x00000000c0a291c0,0x00000000c3580000)
 PSPermGen       total 21504K, used 4611K [0x00000000bae00000, 0x00000000bc300000, 0x00000000c0000000)
  object space 21504K, 21% used [0x00000000bae00000,0x00000000bb280e20,0x00000000bc300000)

